<?xml version="1.0" encoding="UTF-8"?>
<!-- Generated by org.testng.reporters.JUnitReportReporter -->
<testsuite skipped="0" hostname="192.168.1.211" name="features.TestSiteRunner" tests="3" failures="0" timestamp="01 Mar 2024 09:32:40 GMT" time="4.891" errors="0">
  <testcase name="runScenario" time="2.881" classname="features.TestSiteRunner"/>
  <testcase name="runScenario" time="0.560" classname="features.TestSiteRunner"/>
  <testcase name="runScenario" time="1.450" classname="features.TestSiteRunner"/>
</testsuite> <!-- features.TestSiteRunner -->
